ERROR [10-09-2024 07:42:47:854]: Association Request Failed: 0006:0317 Peer aborted Association (or never connected)
ERROR [10-09-2024 09:54:22:751]: DIMSE status is: Cancel: SubOperationsTerminatedDueToCancelIndication
ERROR [10-09-2024 09:55:15:875]: DIMSE status is: Cancel: SubOperationsTerminatedDueToCancelIndication
ERROR [10-09-2024 09:56:26:499]: Failed receiving DIMSE response: 0006:0317 Peer aborted Association (or never connected)
ERROR [10-09-2024 09:56:26:499]: Association Abort Failed: 0006:0303 DUL Finite State Machine Error: No action defined, state 1 event 14
ERROR [10-09-2024 09:56:52:676]: DIMSE status is: Cancel: SubOperationsTerminatedDueToCancelIndication
ERROR [10-09-2024 09:56:56:504]: DIMSE status is: Cancel: SubOperationsTerminatedDueToCancelIndication
ERROR [10-09-2024 10:03:04:906]: Association Request Failed: 0006:031a DUL network read timeout
ERROR [10-09-2024 10:04:50:859]: Association Request Failed: 0006:031a DUL network read timeout
ERROR [10-09-2024 10:06:09:348]: Association Request Failed: 0006:031a DUL network read timeout
ERROR [10-09-2024 10:13:44:839]: Failed receiving DIMSE response: 0006:0317 Peer aborted Association (or never connected)
ERROR [10-09-2024 10:13:44:839]: Association Abort Failed: 0006:0303 DUL Finite State Machine Error: No action defined, state 1 event 14
ERROR [10-09-2024 10:15:36:475]: DIMSE status is: Cancel: SubOperationsTerminatedDueToCancelIndication
ERROR [10-09-2024 10:26:10:726]: DIMSE status is: Failed: UnableToProcess
ERROR [10-09-2024 10:26:40:143]: DIMSE status is: Failed: UnableToProcess
ERROR [10-09-2024 10:27:39:867]: DIMSE status is: Failed: UnableToProcess
ERROR [10-09-2024 10:33:38:492]: DIMSE status is: Failed: UnableToProcess
ERROR [10-09-2024 10:35:06:695]: DIMSE status is: Failed: UnableToProcess
ERROR [10-09-2024 10:35:37:024]: DIMSE status is: Failed: UnableToProcess
ERROR [10-09-2024 10:35:55:525]: DIMSE status is: Failed: UnableToProcess
ERROR [10-09-2024 10:38:26:889]: DIMSE status is: Failed: UnableToProcess
ERROR [10-09-2024 10:38:59:671]: DIMSE status is: Failed: UnableToProcess
ERROR [10-09-2024 10:42:21:537]: DIMSE status is: Failed: UnableToProcess
ERROR [10-09-2024 10:42:39:756]: DIMSE status is: Failed: UnableToProcess
ERROR [10-09-2024 10:44:07:446]: DIMSE status is: Failed: UnableToProcess
ERROR [10-09-2024 10:44:26:493]: DIMSE status is: Failed: UnableToProcess
ERROR [10-09-2024 10:45:44:447]: DIMSE status is: Failed: UnableToProcess
ERROR [10-09-2024 10:45:55:416]: DIMSE status is: Failed: UnableToProcess
ERROR [10-09-2024 10:46:19:946]: DIMSE status is: Failed: UnableToProcess
ERROR [10-09-2024 10:47:17:588]: DIMSE status is: Failed: UnableToProcess
ERROR [10-09-2024 10:48:05:089]: DIMSE status is: Failed: UnableToProcess
ERROR [10-09-2024 10:48:59:778]: DIMSE status is: Failed: UnableToProcess
ERROR [10-09-2024 10:49:27:482]: DIMSE status is: Failed: UnableToProcess
ERROR [10-09-2024 10:49:52:810]: DIMSE status is: Failed: UnableToProcess
ERROR [10-09-2024 10:49:53:888]: DIMSE status is: Failed: UnableToProcess
ERROR [10-09-2024 10:49:54:966]: DIMSE status is: Failed: UnableToProcess
ERROR [10-09-2024 10:49:56:060]: DIMSE status is: Failed: UnableToProcess
ERROR [10-09-2024 10:49:57:122]: DIMSE status is: Failed: UnableToProcess
ERROR [10-09-2024 10:49:58:216]: DIMSE status is: Failed: UnableToProcess
ERROR [10-09-2024 10:49:59:294]: DIMSE status is: Failed: UnableToProcess
ERROR [10-09-2024 10:50:00:403]: DIMSE status is: Failed: UnableToProcess
ERROR [10-09-2024 10:50:01:482]: DIMSE status is: Failed: UnableToProcess
ERROR [10-09-2024 10:50:02:576]: DIMSE status is: Failed: UnableToProcess
ERROR [10-09-2024 10:50:03:654]: DIMSE status is: Failed: UnableToProcess
ERROR [10-09-2024 10:50:04:747]: DIMSE status is: Failed: UnableToProcess
ERROR [10-09-2024 10:50:05:857]: DIMSE status is: Failed: UnableToProcess
ERROR [10-09-2024 10:50:06:950]: DIMSE status is: Failed: UnableToProcess
ERROR [10-09-2024 10:50:08:044]: DIMSE status is: Failed: UnableToProcess
ERROR [10-09-2024 10:50:09:123]: DIMSE status is: Failed: UnableToProcess
ERROR [10-09-2024 10:50:10:185]: DIMSE status is: Failed: UnableToProcess
ERROR [10-09-2024 10:50:11:279]: DIMSE status is: Failed: UnableToProcess
ERROR [10-09-2024 10:50:12:341]: DIMSE status is: Failed: UnableToProcess
ERROR [10-09-2024 10:50:13:419]: DIMSE status is: Failed: UnableToProcess
ERROR [10-09-2024 10:50:14:497]: DIMSE status is: Failed: UnableToProcess
ERROR [10-09-2024 10:50:15:576]: DIMSE status is: Failed: UnableToProcess
ERROR [10-09-2024 10:50:16:654]: DIMSE status is: Failed: UnableToProcess
ERROR [10-09-2024 10:50:17:732]: DIMSE status is: Failed: UnableToProcess
ERROR [10-09-2024 10:50:18:794]: DIMSE status is: Failed: UnableToProcess
ERROR [10-09-2024 10:50:19:858]: DIMSE status is: Failed: UnableToProcess
ERROR [10-09-2024 10:50:20:936]: DIMSE status is: Failed: UnableToProcess
ERROR [10-09-2024 10:50:22:045]: DIMSE status is: Failed: UnableToProcess
ERROR [10-09-2024 10:50:23:124]: DIMSE status is: Failed: UnableToProcess
ERROR [10-09-2024 10:50:24:202]: DIMSE status is: Failed: UnableToProcess
ERROR [10-09-2024 10:50:25:311]: DIMSE status is: Failed: UnableToProcess
ERROR [10-09-2024 10:50:26:389]: DIMSE status is: Failed: UnableToProcess
ERROR [10-09-2024 10:50:27:483]: DIMSE status is: Failed: UnableToProcess
ERROR [10-09-2024 10:50:28:608]: DIMSE status is: Failed: UnableToProcess
ERROR [10-09-2024 10:50:29:702]: DIMSE status is: Failed: UnableToProcess
ERROR [10-09-2024 10:50:30:842]: DIMSE status is: Failed: UnableToProcess
ERROR [10-09-2024 10:50:31:905]: DIMSE status is: Failed: UnableToProcess
ERROR [10-09-2024 10:50:32:968]: DIMSE status is: Failed: UnableToProcess
ERROR [10-09-2024 10:50:34:030]: DIMSE status is: Failed: UnableToProcess
ERROR [10-09-2024 10:50:35:124]: DIMSE status is: Failed: UnableToProcess
ERROR [10-09-2024 10:50:36:248]: DIMSE status is: Failed: UnableToProcess
ERROR [10-09-2024 10:50:37:311]: DIMSE status is: Failed: UnableToProcess
ERROR [10-09-2024 10:50:38:420]: DIMSE status is: Failed: UnableToProcess
ERROR [10-09-2024 10:50:39:499]: DIMSE status is: Failed: UnableToProcess
ERROR [10-09-2024 10:50:40:624]: DIMSE status is: Failed: UnableToProcess
ERROR [10-09-2024 10:50:41:702]: DIMSE status is: Failed: UnableToProcess
ERROR [10-09-2024 10:50:42:780]: DIMSE status is: Failed: UnableToProcess
ERROR [10-09-2024 10:50:43:858]: DIMSE status is: Failed: UnableToProcess
ERROR [10-09-2024 10:50:44:999]: DIMSE status is: Failed: UnableToProcess
ERROR [10-09-2024 10:50:46:124]: DIMSE status is: Failed: UnableToProcess
ERROR [10-09-2024 10:50:47:218]: DIMSE status is: Failed: UnableToProcess
ERROR [10-09-2024 10:50:48:311]: DIMSE status is: Failed: UnableToProcess
ERROR [10-09-2024 10:50:49:420]: DIMSE status is: Failed: UnableToProcess
ERROR [10-09-2024 10:50:50:561]: DIMSE status is: Failed: UnableToProcess
ERROR [10-09-2024 10:50:51:655]: DIMSE status is: Failed: UnableToProcess
ERROR [10-09-2024 10:50:52:780]: DIMSE status is: Failed: UnableToProcess
ERROR [10-09-2024 10:50:53:889]: DIMSE status is: Failed: UnableToProcess
ERROR [10-09-2024 10:50:55:092]: DIMSE status is: Failed: UnableToProcess
ERROR [10-09-2024 10:50:56:202]: DIMSE status is: Failed: UnableToProcess
ERROR [10-09-2024 10:50:57:296]: DIMSE status is: Failed: UnableToProcess
ERROR [10-09-2024 10:50:58:358]: DIMSE status is: Failed: UnableToProcess
ERROR [10-09-2024 10:50:59:452]: DIMSE status is: Failed: UnableToProcess
ERROR [10-09-2024 10:51:00:546]: DIMSE status is: Failed: UnableToProcess
ERROR [10-09-2024 10:51:01:671]: DIMSE status is: Failed: UnableToProcess
ERROR [10-09-2024 10:51:02:765]: DIMSE status is: Failed: UnableToProcess
ERROR [10-09-2024 10:51:03:905]: DIMSE status is: Failed: UnableToProcess
ERROR [10-09-2024 10:51:04:983]: DIMSE status is: Failed: UnableToProcess
ERROR [10-09-2024 10:51:06:077]: DIMSE status is: Failed: UnableToProcess
ERROR [10-09-2024 10:51:07:140]: DIMSE status is: Failed: UnableToProcess
ERROR [10-09-2024 10:51:08:249]: DIMSE status is: Failed: UnableToProcess
ERROR [10-09-2024 10:51:09:343]: DIMSE status is: Failed: UnableToProcess
ERROR [10-09-2024 10:51:10:421]: DIMSE status is: Failed: UnableToProcess
ERROR [10-09-2024 10:51:11:516]: DIMSE status is: Failed: UnableToProcess
ERROR [10-09-2024 10:51:12:609]: DIMSE status is: Failed: UnableToProcess
ERROR [10-09-2024 10:51:13:703]: DIMSE status is: Failed: UnableToProcess
ERROR [10-09-2024 10:51:14:797]: DIMSE status is: Failed: UnableToProcess
ERROR [10-09-2024 10:51:15:875]: DIMSE status is: Failed: UnableToProcess
ERROR [10-09-2024 10:51:16:953]: DIMSE status is: Failed: UnableToProcess
ERROR [10-09-2024 10:51:18:016]: DIMSE status is: Failed: UnableToProcess
ERROR [10-09-2024 10:51:19:078]: DIMSE status is: Failed: UnableToProcess
ERROR [10-09-2024 10:51:20:172]: DIMSE status is: Failed: UnableToProcess
ERROR [10-09-2024 10:51:21:250]: DIMSE status is: Failed: UnableToProcess
ERROR [10-09-2024 10:51:22:328]: DIMSE status is: Failed: UnableToProcess
ERROR [10-09-2024 10:51:23:391]: DIMSE status is: Failed: UnableToProcess
ERROR [10-09-2024 10:51:24:500]: DIMSE status is: Failed: UnableToProcess
ERROR [10-09-2024 10:51:25:562]: DIMSE status is: Failed: UnableToProcess
ERROR [10-09-2024 10:51:26:626]: DIMSE status is: Failed: UnableToProcess
ERROR [10-09-2024 10:51:27:720]: DIMSE status is: Failed: UnableToProcess
ERROR [10-09-2024 10:51:39:923]: DIMSE status is: Failed: UnableToProcess
ERROR [10-09-2024 10:51:40:986]: DIMSE status is: Failed: UnableToProcess
ERROR [10-09-2024 10:51:42:048]: DIMSE status is: Failed: UnableToProcess
ERROR [10-09-2024 10:51:43:127]: DIMSE status is: Failed: UnableToProcess
ERROR [10-09-2024 10:51:44:205]: DIMSE status is: Failed: UnableToProcess
ERROR [10-09-2024 10:51:45:283]: DIMSE status is: Failed: UnableToProcess
ERROR [10-09-2024 10:51:46:361]: DIMSE status is: Failed: UnableToProcess
ERROR [10-09-2024 10:51:47:424]: DIMSE status is: Failed: UnableToProcess
ERROR [10-09-2024 10:51:48:502]: DIMSE status is: Failed: UnableToProcess
ERROR [10-09-2024 10:51:49:564]: DIMSE status is: Failed: UnableToProcess
ERROR [10-09-2024 10:51:50:627]: DIMSE status is: Failed: UnableToProcess
ERROR [10-09-2024 10:51:51:689]: DIMSE status is: Failed: UnableToProcess
ERROR [10-09-2024 10:51:52:752]: DIMSE status is: Failed: UnableToProcess
ERROR [10-09-2024 10:51:53:830]: DIMSE status is: Failed: UnableToProcess
ERROR [10-09-2024 10:51:54:893]: DIMSE status is: Failed: UnableToProcess
ERROR [10-09-2024 10:51:55:955]: DIMSE status is: Failed: UnableToProcess
ERROR [10-09-2024 10:51:57:018]: DIMSE status is: Failed: UnableToProcess
ERROR [10-09-2024 10:51:58:080]: DIMSE status is: Failed: UnableToProcess
ERROR [10-09-2024 10:51:59:142]: DIMSE status is: Failed: UnableToProcess
ERROR [10-09-2024 10:52:00:205]: DIMSE status is: Failed: UnableToProcess
ERROR [10-09-2024 10:52:01:267]: DIMSE status is: Failed: UnableToProcess
ERROR [10-09-2024 10:52:02:330]: DIMSE status is: Failed: UnableToProcess
ERROR [10-09-2024 10:52:03:392]: DIMSE status is: Failed: UnableToProcess
ERROR [10-09-2024 10:52:04:455]: DIMSE status is: Failed: UnableToProcess
ERROR [10-09-2024 10:52:05:518]: DIMSE status is: Failed: UnableToProcess
ERROR [10-09-2024 10:52:06:580]: DIMSE status is: Failed: UnableToProcess
ERROR [10-09-2024 10:52:07:642]: DIMSE status is: Failed: UnableToProcess
ERROR [10-09-2024 10:52:08:705]: DIMSE status is: Failed: UnableToProcess
ERROR [10-09-2024 10:52:09:768]: DIMSE status is: Failed: UnableToProcess
ERROR [10-09-2024 10:52:10:830]: DIMSE status is: Failed: UnableToProcess
ERROR [10-09-2024 10:52:11:893]: DIMSE status is: Failed: UnableToProcess
ERROR [10-09-2024 10:52:12:955]: DIMSE status is: Failed: UnableToProcess
ERROR [10-09-2024 10:52:14:018]: DIMSE status is: Failed: UnableToProcess
ERROR [10-09-2024 10:52:15:080]: DIMSE status is: Failed: UnableToProcess
ERROR [10-09-2024 10:52:16:142]: DIMSE status is: Failed: UnableToProcess
ERROR [10-09-2024 10:52:17:205]: DIMSE status is: Failed: UnableToProcess
ERROR [10-09-2024 10:52:18:268]: DIMSE status is: Failed: UnableToProcess
ERROR [10-09-2024 10:52:19:346]: DIMSE status is: Failed: UnableToProcess
ERROR [10-09-2024 10:52:20:408]: DIMSE status is: Failed: UnableToProcess
ERROR [10-09-2024 10:52:21:471]: DIMSE status is: Failed: UnableToProcess
ERROR [10-09-2024 10:52:22:533]: DIMSE status is: Failed: UnableToProcess
ERROR [10-09-2024 10:52:23:596]: DIMSE status is: Failed: UnableToProcess
ERROR [10-09-2024 10:52:24:658]: DIMSE status is: Failed: UnableToProcess
ERROR [10-09-2024 10:52:25:736]: DIMSE status is: Failed: UnableToProcess
ERROR [10-09-2024 10:52:26:799]: DIMSE status is: Failed: UnableToProcess
ERROR [10-09-2024 10:52:27:861]: DIMSE status is: Failed: UnableToProcess
ERROR [10-09-2024 10:52:28:924]: DIMSE status is: Failed: UnableToProcess
ERROR [10-09-2024 10:52:29:987]: DIMSE status is: Failed: UnableToProcess
ERROR [10-09-2024 10:52:31:065]: DIMSE status is: Failed: UnableToProcess
ERROR [10-09-2024 10:52:32:127]: DIMSE status is: Failed: UnableToProcess
ERROR [10-09-2024 10:52:33:190]: DIMSE status is: Failed: UnableToProcess
ERROR [10-09-2024 10:52:34:268]: DIMSE status is: Failed: UnableToProcess
ERROR [10-09-2024 10:52:35:330]: DIMSE status is: Failed: UnableToProcess
ERROR [10-09-2024 10:52:36:393]: DIMSE status is: Failed: UnableToProcess
ERROR [10-09-2024 10:52:37:456]: DIMSE status is: Failed: UnableToProcess
ERROR [10-09-2024 10:52:38:534]: DIMSE status is: Failed: UnableToProcess
ERROR [10-09-2024 10:52:39:596]: DIMSE status is: Failed: UnableToProcess
ERROR [10-09-2024 10:52:40:658]: DIMSE status is: Failed: UnableToProcess
ERROR [10-09-2024 10:52:41:737]: DIMSE status is: Failed: UnableToProcess
ERROR [10-09-2024 10:52:42:815]: DIMSE status is: Failed: UnableToProcess
ERROR [10-09-2024 10:52:43:877]: DIMSE status is: Failed: UnableToProcess
ERROR [10-09-2024 10:52:44:940]: DIMSE status is: Failed: UnableToProcess
ERROR [10-09-2024 10:52:46:002]: DIMSE status is: Failed: UnableToProcess
ERROR [10-09-2024 10:52:47:081]: DIMSE status is: Failed: UnableToProcess
ERROR [10-09-2024 10:52:48:159]: DIMSE status is: Failed: UnableToProcess
ERROR [10-09-2024 10:52:49:221]: DIMSE status is: Failed: UnableToProcess
ERROR [10-09-2024 10:52:50:283]: DIMSE status is: Failed: UnableToProcess
ERROR [10-09-2024 10:52:51:346]: DIMSE status is: Failed: UnableToProcess
ERROR [10-09-2024 10:52:52:409]: DIMSE status is: Failed: UnableToProcess
ERROR [10-09-2024 10:52:53:486]: DIMSE status is: Failed: UnableToProcess
ERROR [10-09-2024 10:53:23:284]: DIMSE status is: Failed: UnableToProcess
ERROR [10-09-2024 10:53:24:347]: DIMSE status is: Failed: UnableToProcess
ERROR [10-09-2024 10:53:25:425]: DIMSE status is: Failed: UnableToProcess
ERROR [10-09-2024 10:53:26:487]: DIMSE status is: Failed: UnableToProcess
ERROR [10-09-2024 10:53:27:565]: DIMSE status is: Failed: UnableToProcess
ERROR [10-09-2024 10:53:28:628]: DIMSE status is: Failed: UnableToProcess
ERROR [10-09-2024 10:53:29:691]: DIMSE status is: Failed: UnableToProcess
ERROR [10-09-2024 10:53:44:098]: DIMSE status is: Failed: UnableToProcess
ERROR [10-09-2024 10:53:45:175]: DIMSE status is: Failed: UnableToProcess
ERROR [10-09-2024 10:53:46:238]: DIMSE status is: Failed: UnableToProcess
ERROR [10-09-2024 10:53:47:301]: DIMSE status is: Failed: UnableToProcess
ERROR [10-09-2024 10:53:48:363]: DIMSE status is: Failed: UnableToProcess
ERROR [10-09-2024 10:53:49:426]: DIMSE status is: Failed: UnableToProcess
ERROR [10-09-2024 10:53:50:488]: DIMSE status is: Failed: UnableToProcess
ERROR [10-09-2024 10:53:51:551]: DIMSE status is: Failed: UnableToProcess
ERROR [10-09-2024 10:53:52:629]: DIMSE status is: Failed: UnableToProcess
ERROR [10-09-2024 10:53:53:707]: DIMSE status is: Failed: UnableToProcess
ERROR [10-09-2024 10:53:54:785]: DIMSE status is: Failed: UnableToProcess
ERROR [10-09-2024 10:53:55:863]: DIMSE status is: Failed: UnableToProcess
ERROR [10-09-2024 10:53:56:926]: DIMSE status is: Failed: UnableToProcess
ERROR [10-09-2024 10:53:57:988]: DIMSE status is: Failed: UnableToProcess
ERROR [10-09-2024 10:54:06:270]: DIMSE status is: Failed: UnableToProcess
ERROR [10-09-2024 10:54:07:332]: DIMSE status is: Failed: UnableToProcess
ERROR [10-09-2024 10:54:08:395]: DIMSE status is: Failed: UnableToProcess
ERROR [10-09-2024 10:54:09:457]: DIMSE status is: Failed: UnableToProcess
ERROR [10-09-2024 10:54:10:520]: DIMSE status is: Failed: UnableToProcess
ERROR [10-09-2024 10:54:11:582]: DIMSE status is: Failed: UnableToProcess
ERROR [10-09-2024 10:54:12:660]: DIMSE status is: Failed: UnableToProcess
ERROR [10-09-2024 10:54:13:723]: DIMSE status is: Failed: UnableToProcess
ERROR [10-09-2024 10:54:14:785]: DIMSE status is: Failed: UnableToProcess
ERROR [10-09-2024 10:54:15:864]: DIMSE status is: Failed: UnableToProcess
ERROR [10-09-2024 10:54:16:926]: DIMSE status is: Failed: UnableToProcess
ERROR [10-09-2024 10:54:17:989]: DIMSE status is: Failed: UnableToProcess
ERROR [10-09-2024 10:54:19:051]: DIMSE status is: Failed: UnableToProcess
ERROR [10-09-2024 10:54:20:114]: DIMSE status is: Failed: UnableToProcess
ERROR [10-09-2024 10:54:21:176]: DIMSE status is: Failed: UnableToProcess
ERROR [10-09-2024 10:54:22:239]: DIMSE status is: Failed: UnableToProcess
ERROR [10-09-2024 10:54:23:301]: DIMSE status is: Failed: UnableToProcess
ERROR [10-09-2024 10:54:24:364]: DIMSE status is: Failed: UnableToProcess
ERROR [10-09-2024 10:54:25:442]: DIMSE status is: Failed: UnableToProcess
ERROR [10-09-2024 10:54:26:504]: DIMSE status is: Failed: UnableToProcess
ERROR [10-09-2024 10:54:27:583]: DIMSE status is: Failed: UnableToProcess
ERROR [10-09-2024 10:54:28:645]: DIMSE status is: Failed: UnableToProcess
ERROR [10-09-2024 10:54:29:708]: DIMSE status is: Failed: UnableToProcess
ERROR [10-09-2024 10:54:30:785]: DIMSE status is: Failed: UnableToProcess
ERROR [10-09-2024 10:54:31:848]: DIMSE status is: Failed: UnableToProcess
ERROR [10-09-2024 10:54:32:911]: DIMSE status is: Failed: UnableToProcess
ERROR [10-09-2024 10:54:33:973]: DIMSE status is: Failed: UnableToProcess
ERROR [10-09-2024 10:54:35:036]: DIMSE status is: Failed: UnableToProcess
ERROR [10-09-2024 10:54:36:098]: DIMSE status is: Failed: UnableToProcess
ERROR [10-09-2024 10:54:37:161]: DIMSE status is: Failed: UnableToProcess
ERROR [10-09-2024 10:54:38:223]: DIMSE status is: Failed: UnableToProcess
ERROR [10-09-2024 10:54:39:301]: DIMSE status is: Failed: UnableToProcess
ERROR [10-09-2024 10:54:40:379]: DIMSE status is: Failed: UnableToProcess
ERROR [10-09-2024 10:54:41:442]: DIMSE status is: Failed: UnableToProcess
ERROR [10-09-2024 10:54:42:505]: DIMSE status is: Failed: UnableToProcess
ERROR [10-09-2024 10:54:43:567]: DIMSE status is: Failed: UnableToProcess
ERROR [10-09-2024 10:54:44:645]: DIMSE status is: Failed: UnableToProcess
ERROR [10-09-2024 10:54:45:708]: DIMSE status is: Failed: UnableToProcess
ERROR [10-09-2024 10:54:46:786]: DIMSE status is: Failed: UnableToProcess
ERROR [10-09-2024 10:54:47:848]: DIMSE status is: Failed: UnableToProcess
ERROR [10-09-2024 10:54:48:926]: DIMSE status is: Failed: UnableToProcess
ERROR [10-09-2024 10:54:49:989]: DIMSE status is: Failed: UnableToProcess
ERROR [10-09-2024 10:54:51:052]: DIMSE status is: Failed: UnableToProcess
ERROR [10-09-2024 10:54:52:114]: DIMSE status is: Failed: UnableToProcess
ERROR [10-09-2024 10:54:53:192]: DIMSE status is: Failed: UnableToProcess
ERROR [10-09-2024 10:54:54:255]: DIMSE status is: Failed: UnableToProcess
ERROR [10-09-2024 10:54:55:318]: DIMSE status is: Failed: UnableToProcess
ERROR [10-09-2024 10:54:56:381]: DIMSE status is: Failed: UnableToProcess
ERROR [10-09-2024 10:54:57:444]: DIMSE status is: Failed: UnableToProcess
ERROR [10-09-2024 10:54:58:522]: DIMSE status is: Failed: UnableToProcess
ERROR [10-09-2024 10:54:59:584]: DIMSE status is: Failed: UnableToProcess
ERROR [10-09-2024 10:55:00:647]: DIMSE status is: Failed: UnableToProcess
ERROR [12-09-2024 03:39:49:381]: Association Request Failed: 0006:0317 Peer aborted Association (or never connected)
ERROR [12-09-2024 03:40:41:113]: Association Request Failed: 0006:0317 Peer aborted Association (or never connected)
ERROR [12-09-2024 03:40:51:426]: Association Request Failed: 0006:0317 Peer aborted Association (or never connected)
ERROR [12-09-2024 03:41:40:149]: Association Request Failed: 0006:0317 Peer aborted Association (or never connected)
WARN  [26-09-2024 09:56:43:353]: failed to convert ISO 2022 IR 149 to ISO_IR 192
WARN  [26-09-2024 09:57:15:781]: failed to convert ISO 2022 IR 149 to ISO_IR 192
WARN  [26-09-2024 09:57:54:749]: failed to convert ISO 2022 IR 149 to ISO_IR 192
WARN  [26-09-2024 09:58:30:573]: failed to convert ISO 2022 IR 149 to ISO_IR 192
WARN  [26-09-2024 09:58:43:005]: failed to convert ISO 2022 IR 149 to ISO_IR 192
WARN  [26-09-2024 10:01:27:758]: failed to convert ISO 2022 IR 149 to ISO_IR 192
WARN  [26-09-2024 10:04:12:506]: failed to convert ISO 2022 IR 149 to ISO_IR 192
WARN  [26-09-2024 10:05:03:406]: failed to convert ISO 2022 IR 149 to ISO_IR 192
WARN  [26-09-2024 10:08:23:907]: failed to convert ISO 2022 IR 149 to ISO_IR 192
WARN  [26-09-2024 10:09:43:447]: failed to convert ISO 2022 IR 149 to ISO_IR 192
WARN  [26-09-2024 10:09:53:795]: failed to convert ISO 2022 IR 149 to ISO_IR 192
WARN  [26-09-2024 10:11:55:179]: failed to convert ISO 2022 IR 149 to ISO_IR 192
WARN  [26-09-2024 10:12:20:791]: failed to convert ISO 2022 IR 149 to ISO_IR 192
WARN  [26-09-2024 10:14:26:074]: failed to convert ISO 2022 IR 149 to ISO_IR 192
WARN  [27-09-2024 01:41:13:840]: failed to convert ISO 2022 IR 149 to ISO_IR 192
WARN  [27-09-2024 01:47:04:731]: failed to convert ISO 2022 IR 149 to ISO_IR 192
WARN  [27-09-2024 03:11:17:475]: failed to convert ISO 2022 IR 149 to ISO_IR 192
WARN  [27-09-2024 03:11:22:404]: failed to convert ISO 2022 IR 149 to ISO_IR 192
WARN  [27-09-2024 03:11:24:466]: failed to convert ISO 2022 IR 149 to ISO_IR 192
WARN  [27-09-2024 03:11:24:466]: failed to convert ISO 2022 IR 149 to ISO_IR 192
WARN  [27-09-2024 03:11:24:466]: failed to convert ISO 2022 IR 149 to ISO_IR 192
WARN  [27-09-2024 03:11:24:466]: failed to convert ISO 2022 IR 149 to ISO_IR 192
WARN  [27-09-2024 03:11:32:726]: failed to convert ISO 2022 IR 149 to ISO_IR 192
WARN  [27-09-2024 03:11:32:727]: failed to convert ISO 2022 IR 149 to ISO_IR 192
WARN  [27-09-2024 03:11:32:727]: failed to convert ISO 2022 IR 149 to ISO_IR 192
WARN  [27-09-2024 03:11:32:727]: failed to convert ISO 2022 IR 149 to ISO_IR 192
WARN  [27-09-2024 03:11:32:727]: failed to convert ISO 2022 IR 149 to ISO_IR 192
WARN  [27-09-2024 03:11:42:327]: failed to convert ISO 2022 IR 149 to ISO_IR 192
WARN  [27-09-2024 03:11:42:327]: failed to convert ISO 2022 IR 149 to ISO_IR 192
WARN  [27-09-2024 03:11:42:327]: failed to convert ISO 2022 IR 149 to ISO_IR 192
WARN  [27-09-2024 03:11:56:300]: failed to convert ISO 2022 IR 149 to ISO_IR 192
WARN  [27-09-2024 03:12:05:992]: failed to convert ISO 2022 IR 149 to ISO_IR 192
WARN  [27-09-2024 03:12:07:880]: failed to convert ISO 2022 IR 149 to ISO_IR 192
WARN  [27-09-2024 03:12:08:224]: failed to convert ISO 2022 IR 149 to ISO_IR 192
WARN  [27-09-2024 03:12:09:248]: failed to convert ISO 2022 IR 149 to ISO_IR 192
WARN  [27-09-2024 03:12:09:885]: failed to convert ISO 2022 IR 149 to ISO_IR 192
WARN  [27-09-2024 03:12:09:885]: failed to convert ISO 2022 IR 149 to ISO_IR 192
WARN  [27-09-2024 03:12:12:876]: failed to convert ISO 2022 IR 149 to ISO_IR 192
WARN  [27-09-2024 03:12:14:910]: failed to convert ISO 2022 IR 149 to ISO_IR 192
WARN  [27-09-2024 03:12:14:910]: failed to convert ISO 2022 IR 149 to ISO_IR 192
WARN  [27-09-2024 03:12:14:910]: failed to convert ISO 2022 IR 149 to ISO_IR 192
WARN  [27-09-2024 03:12:17:137]: failed to convert ISO 2022 IR 149 to ISO_IR 192
WARN  [27-09-2024 03:12:17:137]: failed to convert ISO 2022 IR 149 to ISO_IR 192
WARN  [27-09-2024 03:12:17:137]: failed to convert ISO 2022 IR 149 to ISO_IR 192
WARN  [27-09-2024 03:12:17:137]: failed to convert ISO 2022 IR 149 to ISO_IR 192
WARN  [27-09-2024 03:12:17:138]: failed to convert ISO 2022 IR 149 to ISO_IR 192
WARN  [27-09-2024 03:12:17:138]: failed to convert ISO 2022 IR 149 to ISO_IR 192
WARN  [27-09-2024 03:12:20:208]: failed to convert ISO 2022 IR 149 to ISO_IR 192
WARN  [27-09-2024 03:12:20:208]: failed to convert ISO 2022 IR 149 to ISO_IR 192
WARN  [27-09-2024 03:12:20:209]: failed to convert ISO 2022 IR 149 to ISO_IR 192
WARN  [27-09-2024 03:12:20:209]: failed to convert ISO 2022 IR 149 to ISO_IR 192
WARN  [27-09-2024 03:12:29:984]: failed to convert ISO 2022 IR 149 to ISO_IR 192
WARN  [27-09-2024 03:12:31:320]: failed to convert ISO 2022 IR 149 to ISO_IR 192
WARN  [27-09-2024 03:12:38:872]: failed to convert ISO 2022 IR 149 to ISO_IR 192
WARN  [27-09-2024 03:12:42:176]: failed to convert ISO 2022 IR 149 to ISO_IR 192
WARN  [27-09-2024 03:12:53:668]: failed to convert ISO 2022 IR 149 to ISO_IR 192
WARN  [30-09-2024 09:48:37:798]: failed to convert ISO 2022 IR 149 to ISO_IR 192
WARN  [30-09-2024 09:49:26:594]: failed to convert ISO 2022 IR 149 to ISO_IR 192
WARN  [30-09-2024 09:51:12:703]: failed to convert ISO 2022 IR 149 to ISO_IR 192
WARN  [30-09-2024 09:51:37:447]: failed to convert ISO 2022 IR 149 to ISO_IR 192
WARN  [30-09-2024 09:51:42:843]: failed to convert ISO 2022 IR 149 to ISO_IR 192
WARN  [30-09-2024 09:53:16:200]: failed to convert ISO 2022 IR 149 to ISO_IR 192
WARN  [30-09-2024 09:53:18:693]: failed to convert ISO 2022 IR 149 to ISO_IR 192
WARN  [30-09-2024 09:53:18:693]: failed to convert ISO 2022 IR 149 to ISO_IR 192
WARN  [30-09-2024 09:53:18:693]: failed to convert ISO 2022 IR 149 to ISO_IR 192
WARN  [30-09-2024 09:53:18:693]: failed to convert ISO 2022 IR 149 to ISO_IR 192
WARN  [30-09-2024 09:53:28:822]: failed to convert ISO 2022 IR 149 to ISO_IR 192
WARN  [30-09-2024 09:53:28:822]: failed to convert ISO 2022 IR 149 to ISO_IR 192
WARN  [30-09-2024 09:53:28:822]: failed to convert ISO 2022 IR 149 to ISO_IR 192
WARN  [30-09-2024 09:53:28:822]: failed to convert ISO 2022 IR 149 to ISO_IR 192
WARN  [30-09-2024 09:53:28:822]: failed to convert ISO 2022 IR 149 to ISO_IR 192
WARN  [30-09-2024 09:53:40:661]: failed to convert ISO 2022 IR 149 to ISO_IR 192
WARN  [30-09-2024 09:53:40:661]: failed to convert ISO 2022 IR 149 to ISO_IR 192
WARN  [30-09-2024 09:53:40:661]: failed to convert ISO 2022 IR 149 to ISO_IR 192
WARN  [30-09-2024 10:00:28:571]: failed to convert ISO 2022 IR 149 to ISO_IR 192
WARN  [30-09-2024 10:00:28:571]: failed to convert ISO 2022 IR 149 to ISO_IR 192
WARN  [30-09-2024 10:00:28:571]: failed to convert ISO 2022 IR 149 to ISO_IR 192
WARN  [30-09-2024 10:21:24:800]: failed to convert ISO 2022 IR 149 to ISO_IR 192
WARN  [30-09-2024 10:21:53:096]: failed to convert ISO 2022 IR 149 to ISO_IR 192
WARN  [30-09-2024 10:21:55:243]: failed to convert ISO 2022 IR 149 to ISO_IR 192
WARN  [30-09-2024 10:21:57:805]: failed to convert ISO 2022 IR 149 to ISO_IR 192
WARN  [30-09-2024 10:21:57:805]: failed to convert ISO 2022 IR 149 to ISO_IR 192
WARN  [30-09-2024 10:21:57:806]: failed to convert ISO 2022 IR 149 to ISO_IR 192
WARN  [30-09-2024 10:21:57:806]: failed to convert ISO 2022 IR 149 to ISO_IR 192
WARN  [30-09-2024 10:22:08:030]: failed to convert ISO 2022 IR 149 to ISO_IR 192
WARN  [30-09-2024 10:22:08:030]: failed to convert ISO 2022 IR 149 to ISO_IR 192
WARN  [30-09-2024 10:22:08:030]: failed to convert ISO 2022 IR 149 to ISO_IR 192
WARN  [30-09-2024 10:22:08:030]: failed to convert ISO 2022 IR 149 to ISO_IR 192
WARN  [30-09-2024 10:22:08:030]: failed to convert ISO 2022 IR 149 to ISO_IR 192
WARN  [08-10-2024 04:39:34:547]: failed to convert ISO 2022 IR 149 to ISO_IR 192
WARN  [08-10-2024 04:39:40:047]: failed to convert ISO 2022 IR 149 to ISO_IR 192
WARN  [08-10-2024 04:39:42:597]: failed to convert ISO 2022 IR 149 to ISO_IR 192
WARN  [08-10-2024 04:39:42:597]: failed to convert ISO 2022 IR 149 to ISO_IR 192
WARN  [08-10-2024 04:39:42:597]: failed to convert ISO 2022 IR 149 to ISO_IR 192
WARN  [08-10-2024 04:39:42:597]: failed to convert ISO 2022 IR 149 to ISO_IR 192
WARN  [08-10-2024 04:39:52:753]: failed to convert ISO 2022 IR 149 to ISO_IR 192
WARN  [08-10-2024 04:39:52:754]: failed to convert ISO 2022 IR 149 to ISO_IR 192
WARN  [08-10-2024 04:39:52:754]: failed to convert ISO 2022 IR 149 to ISO_IR 192
WARN  [08-10-2024 04:39:52:754]: failed to convert ISO 2022 IR 149 to ISO_IR 192
WARN  [08-10-2024 04:39:52:754]: failed to convert ISO 2022 IR 149 to ISO_IR 192
WARN  [08-10-2024 04:42:16:698]: failed to convert ISO 2022 IR 149 to ISO_IR 192
WARN  [08-10-2024 04:42:16:698]: failed to convert ISO 2022 IR 149 to ISO_IR 192
WARN  [08-10-2024 04:42:16:698]: failed to convert ISO 2022 IR 149 to ISO_IR 192
WARN  [08-10-2024 04:42:16:698]: failed to convert ISO 2022 IR 149 to ISO_IR 192
WARN  [08-10-2024 04:42:16:698]: failed to convert ISO 2022 IR 149 to ISO_IR 192
WARN  [08-10-2024 04:42:24:742]: failed to convert ISO 2022 IR 149 to ISO_IR 192
WARN  [08-10-2024 04:42:24:742]: failed to convert ISO 2022 IR 149 to ISO_IR 192
WARN  [08-10-2024 04:42:24:742]: failed to convert ISO 2022 IR 149 to ISO_IR 192
WARN  [08-10-2024 04:42:24:742]: failed to convert ISO 2022 IR 149 to ISO_IR 192
WARN  [08-10-2024 04:42:24:742]: failed to convert ISO 2022 IR 149 to ISO_IR 192
WARN  [08-10-2024 04:44:27:687]: failed to convert ISO 2022 IR 149 to ISO_IR 192
WARN  [08-10-2024 04:44:27:687]: failed to convert ISO 2022 IR 149 to ISO_IR 192
WARN  [08-10-2024 04:44:27:687]: failed to convert ISO 2022 IR 149 to ISO_IR 192
WARN  [08-10-2024 04:44:27:687]: failed to convert ISO 2022 IR 149 to ISO_IR 192
WARN  [08-10-2024 04:44:27:687]: failed to convert ISO 2022 IR 149 to ISO_IR 192
WARN  [08-10-2024 04:46:20:384]: failed to convert ISO 2022 IR 149 to ISO_IR 192
WARN  [08-10-2024 04:46:25:864]: failed to convert ISO 2022 IR 149 to ISO_IR 192
WARN  [08-10-2024 04:46:28:330]: failed to convert ISO 2022 IR 149 to ISO_IR 192
WARN  [08-10-2024 04:46:28:330]: failed to convert ISO 2022 IR 149 to ISO_IR 192
WARN  [08-10-2024 04:46:28:330]: failed to convert ISO 2022 IR 149 to ISO_IR 192
WARN  [08-10-2024 04:46:28:331]: failed to convert ISO 2022 IR 149 to ISO_IR 192
WARN  [08-10-2024 04:46:38:567]: failed to convert ISO 2022 IR 149 to ISO_IR 192
WARN  [08-10-2024 04:46:38:567]: failed to convert ISO 2022 IR 149 to ISO_IR 192
WARN  [08-10-2024 04:46:38:567]: failed to convert ISO 2022 IR 149 to ISO_IR 192
WARN  [08-10-2024 04:46:38:567]: failed to convert ISO 2022 IR 149 to ISO_IR 192
WARN  [08-10-2024 04:46:38:567]: failed to convert ISO 2022 IR 149 to ISO_IR 192
WARN  [08-10-2024 04:46:50:358]: failed to convert ISO 2022 IR 149 to ISO_IR 192
WARN  [08-10-2024 04:46:50:358]: failed to convert ISO 2022 IR 149 to ISO_IR 192
WARN  [08-10-2024 04:46:50:358]: failed to convert ISO 2022 IR 149 to ISO_IR 192
WARN  [08-10-2024 04:47:07:260]: failed to convert ISO 2022 IR 149 to ISO_IR 192
WARN  [08-10-2024 04:47:17:732]: failed to convert ISO 2022 IR 149 to ISO_IR 192
WARN  [08-10-2024 04:47:20:064]: failed to convert ISO 2022 IR 149 to ISO_IR 192
WARN  [08-10-2024 04:47:20:628]: failed to convert ISO 2022 IR 149 to ISO_IR 192
WARN  [08-10-2024 04:47:21:900]: failed to convert ISO 2022 IR 149 to ISO_IR 192
WARN  [08-10-2024 04:47:22:833]: failed to convert ISO 2022 IR 149 to ISO_IR 192
WARN  [08-10-2024 04:47:22:833]: failed to convert ISO 2022 IR 149 to ISO_IR 192
WARN  [08-10-2024 04:47:26:396]: failed to convert ISO 2022 IR 149 to ISO_IR 192
WARN  [08-10-2024 04:47:28:526]: failed to convert ISO 2022 IR 149 to ISO_IR 192
WARN  [08-10-2024 04:47:28:526]: failed to convert ISO 2022 IR 149 to ISO_IR 192
WARN  [08-10-2024 04:47:28:526]: failed to convert ISO 2022 IR 149 to ISO_IR 192
WARN  [08-10-2024 04:47:31:596]: failed to convert ISO 2022 IR 149 to ISO_IR 192
WARN  [08-10-2024 04:47:31:596]: failed to convert ISO 2022 IR 149 to ISO_IR 192
WARN  [08-10-2024 04:47:31:596]: failed to convert ISO 2022 IR 149 to ISO_IR 192
WARN  [08-10-2024 04:47:31:596]: failed to convert ISO 2022 IR 149 to ISO_IR 192
WARN  [08-10-2024 04:47:31:596]: failed to convert ISO 2022 IR 149 to ISO_IR 192
WARN  [08-10-2024 04:47:31:596]: failed to convert ISO 2022 IR 149 to ISO_IR 192
WARN  [08-10-2024 04:47:36:394]: failed to convert ISO 2022 IR 149 to ISO_IR 192
WARN  [08-10-2024 04:47:36:395]: failed to convert ISO 2022 IR 149 to ISO_IR 192
WARN  [08-10-2024 04:47:36:395]: failed to convert ISO 2022 IR 149 to ISO_IR 192
WARN  [08-10-2024 04:47:36:395]: failed to convert ISO 2022 IR 149 to ISO_IR 192
